# Last wine-tkg-staging-git configuration - Sat Jul 11 06:51:24 AM BST 2026 :

Local cfg files used

Wine (plain) version: 11.13.r0.g6eb2e4c32cc
Using wine-staging patchset (version 11.12.r13.g8c2d3dee)

Not using vkd3d native library for d3d12 translation (allows using vkd3d-proton)

Done applying backports hotfixes (if any) - list available in prepare.log
Done applying reverting hotfixes (if any) - list available in prepare.log

2941e58d7d6e630e88b6e9539414f1d86736c7aa reverted 
( Restore heap.h header file )

Revert staging patchset dcomp-DCompositionCreateDevice2 due to breakage
CSMT-toggle.patch -- ( Applied CSMT toggle logic patch )

Staging overrides, if any: -W dcomp-DCompositionCreateDevice2


LAA-unix-staging-wow64.patch -- ( Applied large address aware override support )

proton-win10-default.patch -- ( Enforce win10 as default wine version )
proton_battleye.patch -- ( Add support for Proton's Battleye runtime )

Applied hotfix Return_nt_filename_and_resolve_DOS_drive_path.mypatch
Applied hotfix a608ef1.mypatch
Applied hotfix nostale_mouse_fix.mypatch
Applied hotfix opencl-fixup.mypatch

wine-tkg-staging.patch -- ( Please don't report bugs about this wine build on winehq.org and use https://github.com/Frogging-Family/wine-tkg-git/issues instead. )


With predefined optimizations:
CFLAGS = -O2 -pipe -msse3 -mfpmath=sse -ftree-vectorize -Wno-error=implicit-function-declaration -Wno-error=incompatible-pointer-types
LDFLAGS = -Wl,-O1,--sort-common,--as-needed
CROSSCFLAGS = -O2 -pipe -msse3 -mfpmath=sse -ftree-vectorize -Wno-error=implicit-function-declaration -Wno-error=incompatible-pointer-types
CROSSLDFLAGS = -Wl,-O1,--sort-common,--as-needed

configure arguments: --disable-tests --without-vkd3d --with-wayland --with-vulkan

