fatal: destination path 'wine-git' already exists and is not an empty directory.
fatal: destination path 'wine-staging-git' already exists and is not an empty directory.
HEAD is now at a1dddd902f2 Release 10.1.

esync-unix-mainline.patch -- ( Using Esync (unix, mainline) patchset )
patching file README.esync
patching file configure.ac
Hunk #1 succeeded at 411 (offset -96 lines).
Hunk #2 succeeded at 2080 with fuzz 2 (offset -181 lines).
Hunk #3 succeeded at 2100 with fuzz 2 (offset -226 lines).
patching file dlls/kernel32/tests/sync.c
Hunk #1 succeeded at 58 (offset 4 lines).
Hunk #2 succeeded at 229 with fuzz 1 (offset 51 lines).
Hunk #3 succeeded at 285 (offset 51 lines).
Hunk #4 succeeded at 317 (offset 51 lines).
Hunk #5 succeeded at 356 (offset 51 lines).
Hunk #6 succeeded at 610 (offset 51 lines).
Hunk #7 succeeded at 720 with fuzz 2 (offset 51 lines).
Hunk #8 succeeded at 885 (offset 51 lines).
Hunk #9 succeeded at 1532 (offset 51 lines).
Hunk #10 succeeded at 1625 (offset 51 lines).
Hunk #11 succeeded at 3280 with fuzz 1 (offset 202 lines).
Hunk #12 succeeded at 3384 (offset 202 lines).
Hunk #13 succeeded at 3429 (offset 211 lines).
patching file dlls/ntdll/Makefile.in
Hunk #1 succeeded at 48 with fuzz 1 (offset 2 lines).
patching file dlls/ntdll/unix/esync.c
patching file dlls/ntdll/unix/esync.h
patching file dlls/ntdll/unix/loader.c
Hunk #1 succeeded at 90 with fuzz 2 (offset 4 lines).
Hunk #2 succeeded at 1859 with fuzz 1 (offset 294 lines).
patching file dlls/ntdll/unix/server.c
Hunk #1 succeeded at 79 (offset -15 lines).
Hunk #2 succeeded at 104 (offset -31 lines).
Hunk #3 succeeded at 933 (offset 89 lines).
Hunk #4 succeeded at 1871 (offset 173 lines).
patching file dlls/ntdll/unix/sync.c
Hunk #1 succeeded at 66 with fuzz 1 (offset -6 lines).
Hunk #2 succeeded at 316 (offset -10 lines).
Hunk #3 succeeded at 343 (offset -10 lines).
Hunk #4 succeeded at 383 (offset -10 lines).
Hunk #5 succeeded at 408 (offset -10 lines).
Hunk #6 succeeded at 437 (offset -10 lines).
Hunk #7 succeeded at 469 (offset -10 lines).
Hunk #8 succeeded at 492 (offset -10 lines).
Hunk #9 succeeded at 515 (offset -10 lines).
Hunk #10 succeeded at 550 (offset -10 lines).
Hunk #11 succeeded at 584 (offset -11 lines).
Hunk #12 succeeded at 613 (offset -11 lines).
Hunk #13 succeeded at 644 (offset -11 lines).
Hunk #14 succeeded at 669 (offset -11 lines).
Hunk #15 succeeded at 702 (offset -11 lines).
Hunk #16 succeeded at 1625 (offset 140 lines).
Hunk #17 succeeded at 1657 with fuzz 1 (offset 140 lines).
patching file dlls/ntdll/unix/unix_private.h
Hunk #1 succeeded at 103 (offset 45 lines).
patching file dlls/ntdll/unix/virtual.c
Hunk #1 succeeded at 3685 (offset 1003 lines).
patching file dlls/rpcrt4/rpc_server.c
Hunk #1 succeeded at 701 (offset 2 lines).
patching file include/config.h.in
Hunk #1 succeeded at 321 (offset 3 lines).
Hunk #2 succeeded at 384 (offset 5 lines).
Hunk #3 succeeded at 516 (offset 6 lines).
patching file server/Makefile.in
patching file server/async.c
Hunk #1 succeeded at 78 (offset 8 lines).
Hunk #2 succeeded at 699 (offset 214 lines).
patching file server/atom.c
Hunk #1 succeeded at 79 (offset -1 lines).
patching file server/change.c
Hunk #1 succeeded at 112 (offset -3 lines).
patching file server/clipboard.c
Hunk #1 succeeded at 76 (offset -1 lines).
patching file server/completion.c
patching file server/console.c
Hunk #1 succeeded at 41 (offset -1 lines).
Hunk #2 succeeded at 82 with fuzz 1 (offset -1 lines).
Hunk #3 succeeded at 141 (offset 6 lines).
Hunk #4 succeeded at 152 with fuzz 1 (offset 7 lines).
Hunk #5 succeeded at 162 (offset 7 lines).
Hunk #6 succeeded at 232 (offset 9 lines).
Hunk #7 succeeded at 282 (offset 11 lines).
Hunk #8 succeeded at 320 (offset 16 lines).
Hunk #9 succeeded at 378 (offset 43 lines).
Hunk #10 succeeded at 437 (offset 63 lines).
Hunk #11 succeeded at 600 (offset 64 lines).
Hunk #12 succeeded at 937 (offset 166 lines).
Hunk #13 succeeded at 969 (offset 167 lines).
Hunk #14 succeeded at 976 (offset 166 lines).
Hunk #15 succeeded at 1593 (offset 181 lines).
Hunk #16 succeeded at 1680 (offset 168 lines).
patching file server/debugger.c
Hunk #1 succeeded at 86 (offset 13 lines).
Hunk #2 succeeded at 115 (offset 13 lines).
patching file server/device.c
Hunk #1 succeeded at 38 (offset -1 lines).
Hunk #2 succeeded at 67 (offset -2 lines).
Hunk #3 succeeded at 94 (offset -2 lines).
Hunk #4 succeeded at 110 (offset -2 lines).
Hunk #5 succeeded at 168 (offset 11 lines).
Hunk #6 succeeded at 221 (offset 12 lines).
Hunk #7 succeeded at 755 (offset 1 line).
Hunk #8 succeeded at 793 (offset 1 line).
Hunk #9 succeeded at 834 (offset 1 line).
Hunk #10 succeeded at 849 (offset 1 line).
Hunk #11 succeeded at 1041 (offset 25 lines).
patching file server/directory.c
Hunk #1 succeeded at 69 (offset 11 lines).
Hunk #2 succeeded at 120 (offset 22 lines).
patching file server/esync.c
patching file server/esync.h
patching file server/event.c
Hunk #2 succeeded at 57 (offset 14 lines).
Hunk #3 succeeded at 76 (offset 12 lines).
Hunk #4 succeeded at 90 (offset 12 lines).
Hunk #5 succeeded at 124 (offset 24 lines).
Hunk #6 succeeded at 156 (offset 24 lines).
Hunk #7 succeeded at 166 (offset 24 lines).
Hunk #8 succeeded at 183 (offset 24 lines).
Hunk #9 succeeded at 196 (offset 24 lines).
Hunk #10 succeeded at 222 (offset 18 lines).
Hunk #11 succeeded at 257 (offset 9 lines).
patching file server/fd.c
Hunk #1 succeeded at 94 (offset -8 lines).
Hunk #2 succeeded at 155 (offset -49 lines).
Hunk #3 succeeded at 169 (offset -49 lines).
Hunk #4 succeeded at 211 (offset -49 lines).
Hunk #5 succeeded at 252 (offset -49 lines).
Hunk #6 succeeded at 295 (offset -49 lines).
Hunk #7 succeeded at 1578 with fuzz 1 (offset -17 lines).
Hunk #8 succeeded at 1699 (offset -14 lines).
Hunk #9 succeeded at 1744 (offset -11 lines).
Hunk #10 succeeded at 2158 (offset -31 lines).
Hunk #11 succeeded at 2186 (offset -37 lines).
patching file server/file.c
Hunk #1 succeeded at 94 (offset -17 lines).
patching file server/file.h
Hunk #1 succeeded at 109 with fuzz 1 (offset 7 lines).
patching file server/handle.c
Hunk #1 succeeded at 126 (offset 3 lines).
patching file server/hook.c
patching file server/mailslot.c
Hunk #1 succeeded at 81 (offset 3 lines).
Hunk #2 succeeded at 143 (offset 6 lines).
Hunk #3 succeeded at 209 (offset 8 lines).
Hunk #4 succeeded at 240 (offset 8 lines).
patching file server/main.c
Hunk #1 succeeded at 34 (offset -2 lines).
Hunk #2 succeeded at 230 with fuzz 1 (offset 89 lines).
patching file server/mapping.c
Hunk #1 succeeded at 67 (offset -1 lines).
Hunk #2 succeeded at 104 (offset -1 lines).
Hunk #3 succeeded at 178 (offset 14 lines).
patching file server/mutex.c
Hunk #1 succeeded at 73 (offset 12 lines).
patching file server/named_pipe.c
Hunk #1 succeeded at 119 (offset 1 line).
Hunk #2 succeeded at 168 (offset 5 lines).
Hunk #3 succeeded at 213 (offset 6 lines).
Hunk #4 succeeded at 261 (offset 6 lines).
Hunk #5 succeeded at 293 (offset 6 lines).
Hunk #6 succeeded at 344 (offset -5 lines).
patching file server/object.h
Hunk #1 succeeded at 78 (offset 10 lines).
patching file server/process.c
Hunk #1 succeeded at 63 (offset 14 lines).
Hunk #2 succeeded at 96 (offset 27 lines).
Hunk #3 succeeded at 107 (offset 27 lines).
Hunk #4 succeeded at 159 (offset 27 lines).
Hunk #5 succeeded at 221 (offset 42 lines).
Hunk #6 succeeded at 691 (offset 145 lines).
Hunk #7 succeeded at 742 with fuzz 2 (offset 139 lines).
Hunk #8 succeeded at 793 with fuzz 1 (offset 139 lines).
Hunk #9 succeeded at 811 (offset 133 lines).
patching file server/process.h
Hunk #1 succeeded at 86 (offset -12 lines).
patching file server/protocol.def
Hunk #1 succeeded at 4079 with fuzz 2 (offset 366 lines).
patching file server/queue.c
Hunk #1 succeeded at 44 (offset 1 line).
Hunk #2 succeeded at 134 (offset -11 lines).
Hunk #3 succeeded at 152 (offset -11 lines).
Hunk #4 succeeded at 168 (offset -11 lines).
Hunk #5 succeeded at 206 (offset -11 lines).
Hunk #6 succeeded at 318 with fuzz 2 (offset -1 lines).
Hunk #7 succeeded at 759 with fuzz 1 (offset 251 lines).
Hunk #8 succeeded at 1242 (offset 273 lines).
Hunk #9 succeeded at 1300 (offset 272 lines).
Hunk #10 succeeded at 3161 (offset 645 lines).
Hunk #11 succeeded at 4213 with fuzz 2 (offset 692 lines).
patching file server/registry.c
Hunk #1 succeeded at 180 (offset 13 lines).
patching file server/request.c
Hunk #1 succeeded at 89 (offset -7 lines).
patching file server/semaphore.c
Hunk #1 succeeded at 70 (offset 12 lines).
patching file server/serial.c
Hunk #1 succeeded at 91 (offset -1 lines).
patching file server/signal.c
Hunk #1 succeeded at 62 (offset -5 lines).
patching file server/sock.c
Hunk #1 succeeded at 471 (offset 299 lines).
Hunk #2 succeeded at 3600 (offset 2426 lines).
Hunk #3 succeeded at 3822 (offset 2427 lines).
patching file server/symlink.c
Hunk #1 succeeded at 71 (offset 11 lines).
patching file server/thread.c
Hunk #1 succeeded at 53 (offset 2 lines).
Hunk #2 succeeded at 100 (offset -11 lines).
Hunk #3 succeeded at 143 (offset -6 lines).
Hunk #4 succeeded at 180 (offset 8 lines).
Hunk #5 succeeded at 194 (offset 8 lines).
Hunk #6 succeeded at 279 (offset 53 lines).
Hunk #7 succeeded at 428 with fuzz 1 (offset 64 lines).
Hunk #8 succeeded at 513 with fuzz 1 (offset 63 lines).
Hunk #9 succeeded at 534 with fuzz 1 (offset 57 lines).
Hunk #10 succeeded at 1162 (offset 94 lines).
Hunk #11 succeeded at 1249 (offset 94 lines).
Hunk #12 succeeded at 1301 (offset 94 lines).
Hunk #13 succeeded at 1400 (offset 73 lines).
patching file server/thread.h
Hunk #1 succeeded at 56 (offset 2 lines).
patching file server/timer.c
Hunk #1 succeeded at 35 (offset -1 lines).
Hunk #2 succeeded at 62 (offset 13 lines).
Hunk #3 succeeded at 79 (offset 11 lines).
Hunk #4 succeeded at 114 (offset 11 lines).
Hunk #5 succeeded at 189 (offset 9 lines).
Hunk #6 succeeded at 219 (offset 3 lines).
patching file server/token.c
Hunk #1 succeeded at 145 (offset -2 lines).
patching file server/window.c
Hunk #1 succeeded at 107 (offset -1 lines).
patching file server/winstation.c
Hunk #1 succeeded at 76 (offset 12 lines).
Hunk #2 succeeded at 117 (offset 27 lines).
patching file dlls/ntdll/unix/esync.c
Hunk #1 succeeded at 1151 (offset -17 lines).
patching file dlls/ntdll/unix/esync.c
Hunk #1 succeeded at 529 (offset 3 lines).
patching file server/object.c

LAA-unix.patch -- ( Applied large address aware override support (legacy) )
patching file dlls/kernel32/heap.c
Hunk #1 succeeded at 41 with fuzz 2 (offset -3 lines).
Hunk #2 succeeded at 427 (offset -119 lines).
Hunk #3 succeeded at 469 (offset -121 lines).
patching file dlls/ntdll/ntdll.spec
Hunk #1 succeeded at 1753 (offset 128 lines).
patching file dlls/ntdll/unix/server.c
Hunk #1 succeeded at 1681 (offset 210 lines).
patching file dlls/ntdll/unix/unix_private.h
Hunk #1 succeeded at 575 with fuzz 2 (offset 105 lines).
patching file dlls/ntdll/unix/virtual.c
Hunk #1 succeeded at 3433 with fuzz 1 (offset 13 lines).
patching file dlls/ntdll/loader.c
Hunk #1 succeeded at 3330 (offset -145 lines).
patching file dlls/ntdll/ntdll.spec
Hunk #1 succeeded at 1754 (offset 40 lines).
patching file dlls/ntdll/unix/loader.c
Hunk #1 succeeded at 1012 (offset -1092 lines).
patching file dlls/ntdll/unix/unix_private.h
Hunk #1 succeeded at 365 with fuzz 1 (offset 43 lines).
patching file dlls/ntdll/unix/virtual.c
Hunk #1 succeeded at 3493 with fuzz 1 (offset -15 lines).
patching file dlls/ntdll/unixlib.h

josh-flat-theme.patch -- ( Add Josh's better-theme )
patching file dlls/win32u/sysparams.c
Hunk #1 succeeded at 5200 (offset 3747 lines).
patching file dlls/comctl32/tab.c
Hunk #2 succeeded at 2124 (offset 7 lines).
Hunk #3 succeeded at 2161 (offset 7 lines).
Hunk #4 succeeded at 2207 (offset 7 lines).
Hunk #5 succeeded at 2255 (offset 7 lines).
patching file dlls/user32/uitools.c
Hunk #1 succeeded at 167 (offset -1 lines).
Hunk #2 succeeded at 476 (offset -1 lines).
Hunk #3 succeeded at 1496 (offset -2 lines).
patching file dlls/comctl32/treeview.c
Hunk #1 succeeded at 2387 (offset -3 lines).
patching file dlls/user32/uitools.c
Hunk #1 succeeded at 1488 (offset -2 lines).

proton_battleye.patch -- ( Add support for Proton's Battleye runtime )
patching file dlls/kernel32/kernel32.spec
Hunk #1 succeeded at 622 (offset 2 lines).
patching file dlls/kernelbase/console.c
Hunk #1 succeeded at 1068 (offset 3 lines).
patching file dlls/kernelbase/kernelbase.spec
Hunk #1 succeeded at 474 (offset 2 lines).
patching file dlls/kernelbase/process.c
Hunk #2 succeeded at 503 (offset -3 lines).
Hunk #3 succeeded at 735 (offset -60 lines).
patching file configure.ac
Hunk #1 succeeded at 3441 (offset -21 lines).
patching file dlls/kernelbase/process.c
Hunk #1 succeeded at 505 (offset -3 lines).
Hunk #2 succeeded at 554 (offset -3 lines).
Hunk #3 succeeded at 570 (offset -3 lines).
patching file programs/belauncher/Makefile.in
patching file programs/belauncher/main.c
patching file dlls/ntdll/unix/loader.c
Hunk #1 succeeded at 372 (offset 32 lines).
Hunk #2 succeeded at 392 (offset 32 lines).
patching file programs/belauncher/Makefile.in
patching file programs/belauncher/main.c
patching file programs/belauncher/main.c
patching file programs/belauncher/Makefile.in
patching file programs/belauncher/main.c
patching file dlls/sechost/service.c
Hunk #1 succeeded at 312 (offset -1 lines).
Hunk #2 succeeded at 322 (offset -1 lines).
Hunk #3 succeeded at 1117 (offset 2 lines).
Hunk #4 succeeded at 1129 (offset 2 lines).

proton-eac_bridge.patch -- ( Add support for Proton's EAC bridge )
patching file dlls/ntdll/unix/loader.c
Hunk #1 succeeded at 372 (offset 32 lines).
Hunk #2 succeeded at 380 (offset 32 lines).
Hunk #3 succeeded at 413 (offset 32 lines).
patching file dlls/ntdll/unix/loadorder.c
patching file dlls/kernelbase/process.c
Hunk #1 succeeded at 503 (offset -3 lines).
Hunk #2 succeeded at 539 (offset -3 lines).
Hunk #3 succeeded at 672 (offset -60 lines).
patching file dlls/ntdll/unix/loadorder.c
patching file dlls/ntdll/unix/loadorder.c

Applying hotfix wine-tkg-patches/hotfixes/GetMappedFileName/Return_nt_filename_and_resolve_DOS_drive_path.mypatch
patching file dlls/ntdll/unix/virtual.c
Hunk #1 succeeded at 114 with fuzz 2 (offset -19 lines).
Hunk #2 succeeded at 5452 (offset 1177 lines).

Applying hotfix wine-tkg-patches/hotfixes/08cccb5/a608ef1.mypatch
patching file dlls/dxgi/dxgi_main.c
Hunk #1 succeeded at 245 (offset -23 lines).

Applying hotfix wine-tkg-patches/hotfixes/autoconf-opencl-hotfix/opencl-fixup.mypatch
patching file configure.ac
Hunk #1 succeeded at 45 with fuzz 2 (offset -5 lines).
Hunk #2 succeeded at 367 with fuzz 1 (offset -63 lines).
Hunk #3 succeeded at 443 (offset -71 lines).
Hunk #4 succeeded at 668 with fuzz 2 (offset -87 lines).

Applying hotfix wine-tkg-patches/hotfixes/NosTale/nostale_mouse_fix.mypatch
patching file dlls/user32/Makefile.in

Applying hotfix wine-tkg-patches/hotfixes/shm_esync_fsync/HACK-user32-Always-call-get_message-request-after-waiting.mypatch
patching file dlls/win32u/input.c
Hunk #1 succeeded at 799 (offset -5 lines).
patching file dlls/win32u/message.c
Hunk #1 succeeded at 2780 (offset 86 lines).
Hunk #2 succeeded at 2820 (offset 86 lines).
Hunk #3 succeeded at 3021 (offset 86 lines).
Hunk #4 succeeded at 3086 (offset 86 lines).
Hunk #5 succeeded at 3328 (offset 94 lines).
Hunk #6 succeeded at 3391 (offset 106 lines).
patching file dlls/win32u/ntuser_private.h
Hunk #1 succeeded at 217 (offset -18 lines).

wine-tkg.patch -- ( Please don't report bugs about this wine build on winehq.org and use https://github.com/Frogging-Family/wine-tkg-git/issues instead. )
patching file dlls/ntdll/loader.c
Hunk #1 succeeded at 43 (offset -1 lines).
Hunk #2 succeeded at 3428 with fuzz 1 (offset -29 lines).
Hunk #3 succeeded at 4337 with fuzz 2 (offset 870 lines).
Hunk #4 succeeded at 4345 with fuzz 2 (offset 857 lines).

Running make_vulkan
